# JRE version: OpenJDK Runtime Environment Temurin-21.0.12.1+1 (21.0.12.1+1) (build 21.0.12.1+1-LTS)
# Java VM: OpenJDK 64-Bit Server VM Temurin-21.0.12.1+1 (21.0.12.1+1-LTS, mixed mode, sharing, tiered, compressed oops, compressed class ptrs, parallel gc, windows-amd64)
GC Precious Log:
 CardTable entry size: 512
 CPUs: 8 total, 8 available
 Memory: 6021M
 Large Page Support: Disabled
 NUMA Support: Disabled
 Compressed Oops: Enabled (32-bit)
 Alignments: Space 512K, Generation 512K, Heap 2M
 Heap Min Capacity: 100M
 Heap Initial Capacity: 100M
 Heap Max Capacity: 2G
 Pre-touch: Disabled
 Parallel Workers: 8
Heap:
 PSYoungGen      total 2048K, used 426K [0x00000000d5580000, 0x00000000d5880000, 0x0000000100000000)
  eden space 1024K, 19% used [0x00000000d5580000,0x00000000d55b28b0,0x00000000d5680000)
  from space 1024K, 21% used [0x00000000d5680000,0x00000000d56b8000,0x00000000d5780000)
  to   space 512K, 0% used [0x00000000d5800000,0x00000000d5800000,0x00000000d5880000)
 ParOldGen       total 156672K, used 142941K [0x0000000080000000, 0x0000000089900000, 0x00000000d5580000)
  object space 156672K, 91% used [0x0000000080000000,0x0000000088b97658,0x0000000089900000)
 Metaspace       used 73803K, committed 75392K, reserved 1179648K
  class space    used 7657K, committed 8384K, reserved 1048576K
GC Heap History (20 events):
Event: 313.667 GC heap before
{Heap before GC invocations=269 (full 4):
 PSYoungGen      total 1536K, used 1536K [0x00000000d5580000, 0x00000000d5a80000, 0x0000000100000000)
  eden space 1024K, 100% used [0x00000000d5580000,0x00000000d5680000,0x00000000d5680000)
  from space 512K, 100% used [0x00000000d5a00000,0x00000000d5a80000,0x00000000d5a80000)
  to   space 1536K, 0% used [0x00000000d5780000,0x00000000d5780000,0x00000000d5900000)
 ParOldGen       total 156672K, used 134144K [0x0000000080000000, 0x0000000089900000, 0x00000000d5580000)
  object space 156672K, 85% used [0x0000000080000000,0x0000000088300260,0x0000000089900000)
 Metaspace       used 73570K, committed 75136K, reserved 1179648K
  class space    used 7628K, committed 8320K, reserved 1048576K
}
Event: 313.670 GC heap after
{Heap after GC invocations=269 (full 4):
 PSYoungGen      total 2560K, used 960K [0x00000000d5580000, 0x00000000d5a80000, 0x0000000100000000)
  eden space 1024K, 0% used [0x00000000d5580000,0x00000000d5580000,0x00000000d5680000)
  from space 1536K, 62% used [0x00000000d5780000,0x00000000d5870000,0x00000000d5900000)
  to   space 1536K, 0% used [0x00000000d5900000,0x00000000d5900000,0x00000000d5a80000)
 ParOldGen       total 156672K, used 134693K [0x0000000080000000, 0x0000000089900000, 0x00000000d5580000)
  object space 156672K, 85% used [0x0000000080000000,0x0000000088389400,0x0000000089900000)
 Metaspace       used 73570K, committed 75136K, reserved 1179648K
  class space    used 7628K, committed 8320K, reserved 1048576K
}
Event: 313.686 GC heap before
{Heap before GC invocations=270 (full 4):
 PSYoungGen      total 2560K, used 1983K [0x00000000d5580000, 0x00000000d5a80000, 0x0000000100000000)
  eden space 1024K, 99% used [0x00000000d5580000,0x00000000d567ffd8,0x00000000d5680000)
  from space 1536K, 62% used [0x00000000d5780000,0x00000000d5870000,0x00000000d5900000)
  to   space 1536K, 0% used [0x00000000d5900000,0x00000000d5900000,0x00000000d5a80000)
 ParOldGen       total 156672K, used 134693K [0x0000000080000000, 0x0000000089900000, 0x00000000d5580000)
  object space 156672K, 85% used [0x0000000080000000,0x0000000088389400,0x0000000089900000)
 Metaspace       used 73570K, committed 75136K, reserved 1179648K
  class space    used 7628K, committed 8320K, reserved 1048576K
}
Event: 313.692 GC heap after
{Heap after GC invocations=270 (full 4):
 PSYoungGen      total 2048K, used 960K [0x00000000d5580000, 0x00000000d5a00000, 0x0000000100000000)
  eden space 1024K, 0% used [0x00000000d5580000,0x00000000d5580000,0x00000000d5680000)
  from space 1024K, 93% used [0x00000000d5900000,0x00000000d59f0000,0x00000000d5a00000)
  to   space 1024K, 0% used [0x00000000d5800000,0x00000000d5800000,0x00000000d5900000)
 ParOldGen       total 156672K, used 135602K [0x0000000080000000, 0x0000000089900000, 0x00000000d5580000)
  object space 156672K, 86% used [0x0000000080000000,0x000000008846c9d0,0x0000000089900000)
 Metaspace       used 73570K, committed 75136K, reserved 1179648K
  class space    used 7628K, committed 8320K, reserved 1048576K
}
Event: 313.717 GC heap before
{Heap before GC invocations=271 (full 4):
 PSYoungGen      total 2048K, used 1983K [0x00000000d5580000, 0x00000000d5a00000, 0x0000000100000000)
  eden space 1024K, 99% used [0x00000000d5580000,0x00000000d567ff88,0x00000000d5680000)
  from space 1024K, 93% used [0x00000000d5900000,0x00000000d59f0000,0x00000000d5a00000)
  to   space 1024K, 0% used [0x00000000d5800000,0x00000000d5800000,0x00000000d5900000)
 ParOldGen       total 156672K, used 135602K [0x0000000080000000, 0x0000000089900000, 0x00000000d5580000)
  object space 156672K, 86% used [0x0000000080000000,0x000000008846c9d0,0x0000000089900000)
 Metaspace       used 73570K, committed 75136K, reserved 1179648K
  class space    used 7628K, committed 8320K, reserved 1048576K
}
Event: 313.721 GC heap after
{Heap after GC invocations=271 (full 4):
 PSYoungGen      total 2048K, used 960K [0x00000000d5580000, 0x00000000d5980000, 0x0000000100000000)
  eden space 1024K, 0% used [0x00000000d5580000,0x00000000d5580000,0x00000000d5680000)
  from space 1024K, 93% used [0x00000000d5800000,0x00000000d58f0000,0x00000000d5900000)
  to   space 512K, 0% used [0x00000000d5900000,0x00000000d5900000,0x00000000d5980000)
 ParOldGen       total 156672K, used 136469K [0x0000000080000000, 0x0000000089900000, 0x00000000d5580000)
  object space 156672K, 87% used [0x0000000080000000,0x0000000088545658,0x0000000089900000)
 Metaspace       used 73570K, committed 75136K, reserved 1179648K
  class space    used 7628K, committed 8320K, reserved 1048576K
}
Event: 313.755 GC heap before
{Heap before GC invocations=272 (full 4):
 PSYoungGen      total 2048K, used 1983K [0x00000000d5580000, 0x00000000d5980000, 0x0000000100000000)
  eden space 1024K, 99% used [0x00000000d5580000,0x00000000d567ffc8,0x00000000d5680000)
  from space 1024K, 93% used [0x00000000d5800000,0x00000000d58f0000,0x00000000d5900000)
  to   space 512K, 0% used [0x00000000d5900000,0x00000000d5900000,0x00000000d5980000)
 ParOldGen       total 156672K, used 136469K [0x0000000080000000, 0x0000000089900000, 0x00000000d5580000)
  object space 156672K, 87% used [0x0000000080000000,0x0000000088545658,0x0000000089900000)
 Metaspace       used 73570K, committed 75136K, reserved 1179648K
  class space    used 7628K, committed 8320K, reserved 1048576K
}
Event: 313.757 GC heap after
{Heap after GC invocations=272 (full 4):
 PSYoungGen      total 1536K, used 512K [0x00000000d5580000, 0x00000000d5a80000, 0x0000000100000000)
  eden space 1024K, 0% used [0x00000000d5580000,0x00000000d5580000,0x00000000d5680000)
  from space 512K, 100% used [0x00000000d5900000,0x00000000d5980000,0x00000000d5980000)
  to   space 2048K, 0% used [0x00000000d5680000,0x00000000d5680000,0x00000000d5880000)
 ParOldGen       total 156672K, used 137701K [0x0000000080000000, 0x0000000089900000, 0x00000000d5580000)
  object space 156672K, 87% used [0x0000000080000000,0x0000000088679658,0x0000000089900000)
 Metaspace       used 73570K, committed 75136K, reserved 1179648K
  class space    used 7628K, committed 8320K, reserved 1048576K
}
Event: 313.798 GC heap before
{Heap before GC invocations=273 (full 4):
 PSYoungGen      total 1536K, used 1535K [0x00000000d5580000, 0x00000000d5a80000, 0x0000000100000000)
  eden space 1024K, 99% used [0x00000000d5580000,0x00000000d567ffa0,0x00000000d5680000)
  from space 512K, 100% used [0x00000000d5900000,0x00000000d5980000,0x00000000d5980000)
  to   space 2048K, 0% used [0x00000000d5680000,0x00000000d5680000,0x00000000d5880000)
 ParOldGen       total 156672K, used 137701K [0x0000000080000000, 0x0000000089900000, 0x00000000d5580000)
  object space 156672K, 87% used [0x0000000080000000,0x0000000088679658,0x0000000089900000)
 Metaspace       used 73570K, committed 75136K, reserved 1179648K
  class space    used 7628K, committed 8320K, reserved 1048576K
}
Event: 313.801 GC heap after
{Heap after GC invocations=273 (full 4):
 PSYoungGen      total 2048K, used 1024K [0x00000000d5580000, 0x00000000d5980000, 0x0000000100000000)
  eden space 1024K, 0% used [0x00000000d5580000,0x00000000d5580000,0x00000000d5680000)
  from space 1024K, 100% used [0x00000000d5680000,0x00000000d5780000,0x00000000d5780000)
  to   space 1536K, 0% used [0x00000000d5800000,0x00000000d5800000,0x00000000d5980000)
 ParOldGen       total 156672K, used 138261K [0x0000000080000000, 0x0000000089900000, 0x00000000d5580000)
  object space 156672K, 88% used [0x0000000080000000,0x0000000088705658,0x0000000089900000)
 Metaspace       used 73570K, committed 75136K, reserved 1179648K
  class space    used 7628K, committed 8320K, reserved 1048576K
}
Event: 314.436 GC heap before
{Heap before GC invocations=274 (full 4):
 PSYoungGen      total 2048K, used 2047K [0x00000000d5580000, 0x00000000d5980000, 0x0000000100000000)
  eden space 1024K, 99% used [0x00000000d5580000,0x00000000d567ffd0,0x00000000d5680000)
  from space 1024K, 100% used [0x00000000d5680000,0x00000000d5780000,0x00000000d5780000)
  to   space 1536K, 0% used [0x00000000d5800000,0x00000000d5800000,0x00000000d5980000)
 ParOldGen       total 156672K, used 138261K [0x0000000080000000, 0x0000000089900000, 0x00000000d5580000)
  object space 156672K, 88% used [0x0000000080000000,0x0000000088705658,0x0000000089900000)
 Metaspace       used 73570K, committed 75136K, reserved 1179648K
  class space    used 7628K, committed 8320K, reserved 1048576K
}
Event: 314.440 GC heap after
{Heap after GC invocations=274 (full 4):
 PSYoungGen      total 2048K, used 928K [0x00000000d5580000, 0x00000000d5900000, 0x0000000100000000)
  eden space 1024K, 0% used [0x00000000d5580000,0x00000000d5580000,0x00000000d5680000)
  from space 1024K, 90% used [0x00000000d5800000,0x00000000d58e8000,0x00000000d5900000)
  to   space 1024K, 0% used [0x00000000d5680000,0x00000000d5680000,0x00000000d5780000)
 ParOldGen       total 156672K, used 139221K [0x0000000080000000, 0x0000000089900000, 0x00000000d5580000)
  object space 156672K, 88% used [0x0000000080000000,0x00000000887f5658,0x0000000089900000)
 Metaspace       used 73570K, committed 75136K, reserved 1179648K
  class space    used 7628K, committed 8320K, reserved 1048576K
}
Event: 314.983 GC heap before
{Heap before GC invocations=275 (full 4):
 PSYoungGen      total 2048K, used 1952K [0x00000000d5580000, 0x00000000d5900000, 0x0000000100000000)
  eden space 1024K, 100% used [0x00000000d5580000,0x00000000d5680000,0x00000000d5680000)
  from space 1024K, 90% used [0x00000000d5800000,0x00000000d58e8000,0x00000000d5900000)
  to   space 1024K, 0% used [0x00000000d5680000,0x00000000d5680000,0x00000000d5780000)
 ParOldGen       total 156672K, used 139221K [0x0000000080000000, 0x0000000089900000, 0x00000000d5580000)
  object space 156672K, 88% used [0x0000000080000000,0x00000000887f5658,0x0000000089900000)
 Metaspace       used 73570K, committed 75136K, reserved 1179648K
  class space    used 7628K, committed 8320K, reserved 1048576K
}
Event: 314.987 GC heap after
{Heap after GC invocations=275 (full 4):
 PSYoungGen      total 2048K, used 1024K [0x00000000d5580000, 0x00000000d5980000, 0x0000000100000000)
  eden space 1024K, 0% used [0x00000000d5580000,0x00000000d5580000,0x00000000d5680000)
  from space 1024K, 100% used [0x00000000d5680000,0x00000000d5780000,0x00000000d5780000)
  to   space 1536K, 0% used [0x00000000d5800000,0x00000000d5800000,0x00000000d5980000)
 ParOldGen       total 156672K, used 140077K [0x0000000080000000, 0x0000000089900000, 0x00000000d5580000)
  object space 156672K, 89% used [0x0000000080000000,0x00000000888cb658,0x0000000089900000)
 Metaspace       used 73570K, committed 75136K, reserved 1179648K
  class space    used 7628K, committed 8320K, reserved 1048576K
}
Event: 315.470 GC heap before
{Heap before GC invocations=276 (full 4):
 PSYoungGen      total 2048K, used 2048K [0x00000000d5580000, 0x00000000d5980000, 0x0000000100000000)
  eden space 1024K, 100% used [0x00000000d5580000,0x00000000d5680000,0x00000000d5680000)
  from space 1024K, 100% used [0x00000000d5680000,0x00000000d5780000,0x00000000d5780000)
  to   space 1536K, 0% used [0x00000000d5800000,0x00000000d5800000,0x00000000d5980000)
 ParOldGen       total 156672K, used 140077K [0x0000000080000000, 0x0000000089900000, 0x00000000d5580000)
  object space 156672K, 89% used [0x0000000080000000,0x00000000888cb658,0x0000000089900000)
 Metaspace       used 73570K, committed 75136K, reserved 1179648K
  class space    used 7628K, committed 8320K, reserved 1048576K
}
Event: 315.476 GC heap after
{Heap after GC invocations=276 (full 4):
 PSYoungGen      total 2560K, used 1120K [0x00000000d5580000, 0x00000000d5980000, 0x0000000100000000)
  eden space 1024K, 0% used [0x00000000d5580000,0x00000000d5580000,0x00000000d5680000)
  from space 1536K, 72% used [0x00000000d5800000,0x00000000d5918000,0x00000000d5980000)
  to   space 1536K, 0% used [0x00000000d5680000,0x00000000d5680000,0x00000000d5800000)
 ParOldGen       total 156672K, used 141005K [0x0000000080000000, 0x0000000089900000, 0x00000000d5580000)
  object space 156672K, 90% used [0x0000000080000000,0x00000000889b3658,0x0000000089900000)
 Metaspace       used 73570K, committed 75136K, reserved 1179648K
  class space    used 7628K, committed 8320K, reserved 1048576K
}
Event: 315.805 GC heap before
{Heap before GC invocations=277 (full 4):
 PSYoungGen      total 2560K, used 2143K [0x00000000d5580000, 0x00000000d5980000, 0x0000000100000000)
  eden space 1024K, 99% used [0x00000000d5580000,0x00000000d567ffd8,0x00000000d5680000)
  from space 1536K, 72% used [0x00000000d5800000,0x00000000d5918000,0x00000000d5980000)
  to   space 1536K, 0% used [0x00000000d5680000,0x00000000d5680000,0x00000000d5800000)
 ParOldGen       total 156672K, used 141005K [0x0000000080000000, 0x0000000089900000, 0x00000000d5580000)
  object space 156672K, 90% used [0x0000000080000000,0x00000000889b3658,0x0000000089900000)
 Metaspace       used 73588K, committed 75136K, reserved 1179648K
  class space    used 7629K, committed 8320K, reserved 1048576K
}
Event: 315.810 GC heap after
{Heap after GC invocations=277 (full 4):
 PSYoungGen      total 2560K, used 992K [0x00000000d5580000, 0x00000000d5980000, 0x0000000100000000)
  eden space 1024K, 0% used [0x00000000d5580000,0x00000000d5580000,0x00000000d5680000)
  from space 1536K, 64% used [0x00000000d5680000,0x00000000d5778000,0x00000000d5800000)
  to   space 1536K, 0% used [0x00000000d5800000,0x00000000d5800000,0x00000000d5980000)
 ParOldGen       total 156672K, used 142005K [0x0000000080000000, 0x0000000089900000, 0x00000000d5580000)
  object space 156672K, 90% used [0x0000000080000000,0x0000000088aad658,0x0000000089900000)
 Metaspace       used 73588K, committed 75136K, reserved 1179648K
  class space    used 7629K, committed 8320K, reserved 1048576K
}
Event: 364.790 GC heap before
{Heap before GC invocations=278 (full 4):
 PSYoungGen      total 2560K, used 2011K [0x00000000d5580000, 0x00000000d5980000, 0x0000000100000000)
  eden space 1024K, 99% used [0x00000000d5580000,0x00000000d567ee00,0x00000000d5680000)
  from space 1536K, 64% used [0x00000000d5680000,0x00000000d5778000,0x00000000d5800000)
  to   space 1536K, 0% used [0x00000000d5800000,0x00000000d5800000,0x00000000d5980000)
 ParOldGen       total 156672K, used 142005K [0x0000000080000000, 0x0000000089900000, 0x00000000d5580000)
  object space 156672K, 90% used [0x0000000080000000,0x0000000088aad658,0x0000000089900000)
 Metaspace       used 73712K, committed 75200K, reserved 1179648K
  class space    used 7645K, committed 8320K, reserved 1048576K
}
Event: 364.939 GC heap after
{Heap after GC invocations=278 (full 4):
 PSYoungGen      total 1536K, used 224K [0x00000000d5580000, 0x00000000d5880000, 0x0000000100000000)
  eden space 1024K, 0% used [0x00000000d5580000,0x00000000d5580000,0x00000000d5680000)
  from space 512K, 43% used [0x00000000d5800000,0x00000000d5838000,0x00000000d5880000)
  to   space 1024K, 0% used [0x00000000d5680000,0x00000000d5680000,0x00000000d5780000)
 ParOldGen       total 156672K, used 142893K [0x0000000080000000, 0x0000000089900000, 0x00000000d5580000)
  object space 156672K, 91% used [0x0000000080000000,0x0000000088b8b658,0x0000000089900000)
 Metaspace       used 73712K, committed 75200K, reserved 1179648K
  class space    used 7645K, committed 8320K, reserved 1048576K
}

