# JRE version: OpenJDK Runtime Environment Temurin-21.0.12.1+1 (21.0.12.1+1) (build 21.0.12.1+1-LTS)
# Java VM: OpenJDK 64-Bit Server VM Temurin-21.0.12.1+1 (21.0.12.1+1-LTS, mixed mode, sharing, tiered, compressed oops, compressed class ptrs, parallel gc, windows-amd64)
GC Precious Log:
 CardTable entry size: 512
 CPUs: 8 total, 8 available
 Memory: 6021M
 Large Page Support: Disabled
 NUMA Support: Disabled
 Compressed Oops: Enabled (32-bit)
 Alignments: Space 512K, Generation 512K, Heap 2M
 Heap Min Capacity: 100M
 Heap Initial Capacity: 100M
 Heap Max Capacity: 2G
 Pre-touch: Disabled
 Parallel Workers: 8
Heap:
 PSYoungGen      total 4096K, used 3178K [0x00000000d5580000, 0x00000000d5c00000, 0x0000000100000000)
  eden space 3584K, 76% used [0x00000000d5580000,0x00000000d582a990,0x00000000d5900000)
  from space 512K, 87% used [0x00000000d5b00000,0x00000000d5b70000,0x00000000d5b80000)
  to   space 512K, 0% used [0x00000000d5b80000,0x00000000d5b80000,0x00000000d5c00000)
 ParOldGen       total 169472K, used 155331K [0x0000000080000000, 0x000000008a580000, 0x00000000d5580000)
  object space 169472K, 91% used [0x0000000080000000,0x00000000897b0f48,0x000000008a580000)
 Metaspace       used 74189K, committed 75776K, reserved 1179648K
  class space    used 7678K, committed 8384K, reserved 1048576K
GC Heap History (20 events):
Event: 248.939 GC heap before
{Heap before GC invocations=312 (full 4):
 PSYoungGen      total 12288K, used 12012K [0x00000000d5580000, 0x00000000d6380000, 0x0000000100000000)
  eden space 10240K, 100% used [0x00000000d5580000,0x00000000d5f80000,0x00000000d5f80000)
  from space 2048K, 86% used [0x00000000d5f80000,0x00000000d613b110,0x00000000d6180000)
  to   space 2048K, 0% used [0x00000000d6180000,0x00000000d6180000,0x00000000d6380000)
 ParOldGen       total 169472K, used 134997K [0x0000000080000000, 0x000000008a580000, 0x00000000d5580000)
  object space 169472K, 79% used [0x0000000080000000,0x00000000883d57b0,0x000000008a580000)
 Metaspace       used 73951K, committed 75520K, reserved 1179648K
  class space    used 7656K, committed 8320K, reserved 1048576K
}
Event: 248.953 GC heap after
{Heap after GC invocations=312 (full 4):
 PSYoungGen      total 5632K, used 2040K [0x00000000d5580000, 0x00000000d7080000, 0x0000000100000000)
  eden space 3584K, 0% used [0x00000000d5580000,0x00000000d5580000,0x00000000d5900000)
  from space 2048K, 99% used [0x00000000d6180000,0x00000000d637e240,0x00000000d6380000)
  to   space 8704K, 0% used [0x00000000d5900000,0x00000000d5900000,0x00000000d6180000)
 ParOldGen       total 169472K, used 140278K [0x0000000080000000, 0x000000008a580000, 0x00000000d5580000)
  object space 169472K, 82% used [0x0000000080000000,0x00000000888fd9f0,0x000000008a580000)
 Metaspace       used 73951K, committed 75520K, reserved 1179648K
  class space    used 7656K, committed 8320K, reserved 1048576K
}
Event: 249.201 GC heap before
{Heap before GC invocations=313 (full 4):
 PSYoungGen      total 5632K, used 5624K [0x00000000d5580000, 0x00000000d7080000, 0x0000000100000000)
  eden space 3584K, 100% used [0x00000000d5580000,0x00000000d5900000,0x00000000d5900000)
  from space 2048K, 99% used [0x00000000d6180000,0x00000000d637e240,0x00000000d6380000)
  to   space 8704K, 0% used [0x00000000d5900000,0x00000000d5900000,0x00000000d6180000)
 ParOldGen       total 169472K, used 140278K [0x0000000080000000, 0x000000008a580000, 0x00000000d5580000)
  object space 169472K, 82% used [0x0000000080000000,0x00000000888fd9f0,0x000000008a580000)
 Metaspace       used 73965K, committed 75520K, reserved 1179648K
  class space    used 7656K, committed 8320K, reserved 1048576K
}
Event: 249.206 GC heap after
{Heap after GC invocations=313 (full 4):
 PSYoungGen      total 5632K, used 1834K [0x00000000d5580000, 0x00000000d6200000, 0x0000000100000000)
  eden space 3584K, 0% used [0x00000000d5580000,0x00000000d5580000,0x00000000d5900000)
  from space 2048K, 89% used [0x00000000d5900000,0x00000000d5acab20,0x00000000d5b00000)
  to   space 4096K, 0% used [0x00000000d5e00000,0x00000000d5e00000,0x00000000d6200000)
 ParOldGen       total 169472K, used 141426K [0x0000000080000000, 0x000000008a580000, 0x00000000d5580000)
  object space 169472K, 83% used [0x0000000080000000,0x0000000088a1c9a0,0x000000008a580000)
 Metaspace       used 73965K, committed 75520K, reserved 1179648K
  class space    used 7656K, committed 8320K, reserved 1048576K
}
Event: 249.593 GC heap before
{Heap before GC invocations=314 (full 4):
 PSYoungGen      total 5632K, used 5418K [0x00000000d5580000, 0x00000000d6200000, 0x0000000100000000)
  eden space 3584K, 99% used [0x00000000d5580000,0x00000000d58ffd00,0x00000000d5900000)
  from space 2048K, 89% used [0x00000000d5900000,0x00000000d5acab20,0x00000000d5b00000)
  to   space 4096K, 0% used [0x00000000d5e00000,0x00000000d5e00000,0x00000000d6200000)
 ParOldGen       total 169472K, used 141426K [0x0000000080000000, 0x000000008a580000, 0x00000000d5580000)
  object space 169472K, 83% used [0x0000000080000000,0x0000000088a1c9a0,0x000000008a580000)
 Metaspace       used 73976K, committed 75520K, reserved 1179648K
  class space    used 7656K, committed 8320K, reserved 1048576K
}
Event: 249.602 GC heap after
{Heap after GC invocations=314 (full 4):
 PSYoungGen      total 6144K, used 2111K [0x00000000d5580000, 0x00000000d6080000, 0x0000000100000000)
  eden space 3584K, 0% used [0x00000000d5580000,0x00000000d5580000,0x00000000d5900000)
  from space 2560K, 82% used [0x00000000d5e00000,0x00000000d600fd88,0x00000000d6080000)
  to   space 2560K, 0% used [0x00000000d5b80000,0x00000000d5b80000,0x00000000d5e00000)
 ParOldGen       total 169472K, used 142987K [0x0000000080000000, 0x000000008a580000, 0x00000000d5580000)
  object space 169472K, 84% used [0x0000000080000000,0x0000000088ba2ce8,0x000000008a580000)
 Metaspace       used 73976K, committed 75520K, reserved 1179648K
  class space    used 7656K, committed 8320K, reserved 1048576K
}
Event: 249.954 GC heap before
{Heap before GC invocations=315 (full 4):
 PSYoungGen      total 6144K, used 5692K [0x00000000d5580000, 0x00000000d6080000, 0x0000000100000000)
  eden space 3584K, 99% used [0x00000000d5580000,0x00000000d58ff298,0x00000000d5900000)
  from space 2560K, 82% used [0x00000000d5e00000,0x00000000d600fd88,0x00000000d6080000)
  to   space 2560K, 0% used [0x00000000d5b80000,0x00000000d5b80000,0x00000000d5e00000)
 ParOldGen       total 169472K, used 142987K [0x0000000080000000, 0x000000008a580000, 0x00000000d5580000)
  object space 169472K, 84% used [0x0000000080000000,0x0000000088ba2ce8,0x000000008a580000)
 Metaspace       used 73981K, committed 75520K, reserved 1179648K
  class space    used 7656K, committed 8320K, reserved 1048576K
}
Event: 249.961 GC heap after
{Heap after GC invocations=315 (full 4):
 PSYoungGen      total 4608K, used 964K [0x00000000d5580000, 0x00000000d5e80000, 0x0000000100000000)
  eden space 3584K, 0% used [0x00000000d5580000,0x00000000d5580000,0x00000000d5900000)
  from space 1024K, 94% used [0x00000000d5b80000,0x00000000d5c711a8,0x00000000d5c80000)
  to   space 1536K, 0% used [0x00000000d5d00000,0x00000000d5d00000,0x00000000d5e80000)
 ParOldGen       total 169472K, used 144955K [0x0000000080000000, 0x000000008a580000, 0x00000000d5580000)
  object space 169472K, 85% used [0x0000000080000000,0x0000000088d8efc0,0x000000008a580000)
 Metaspace       used 73981K, committed 75520K, reserved 1179648K
  class space    used 7656K, committed 8320K, reserved 1048576K
}
Event: 250.082 GC heap before
{Heap before GC invocations=316 (full 4):
 PSYoungGen      total 4608K, used 4548K [0x00000000d5580000, 0x00000000d5e80000, 0x0000000100000000)
  eden space 3584K, 100% used [0x00000000d5580000,0x00000000d5900000,0x00000000d5900000)
  from space 1024K, 94% used [0x00000000d5b80000,0x00000000d5c711a8,0x00000000d5c80000)
  to   space 1536K, 0% used [0x00000000d5d00000,0x00000000d5d00000,0x00000000d5e80000)
 ParOldGen       total 169472K, used 144955K [0x0000000080000000, 0x000000008a580000, 0x00000000d5580000)
  object space 169472K, 85% used [0x0000000080000000,0x0000000088d8efc0,0x000000008a580000)
 Metaspace       used 73981K, committed 75520K, reserved 1179648K
  class space    used 7656K, committed 8320K, reserved 1048576K
}
Event: 250.090 GC heap after
{Heap after GC invocations=316 (full 4):
 PSYoungGen      total 5120K, used 1508K [0x00000000d5580000, 0x00000000d6000000, 0x0000000100000000)
  eden space 3584K, 0% used [0x00000000d5580000,0x00000000d5580000,0x00000000d5900000)
  from space 1536K, 98% used [0x00000000d5d00000,0x00000000d5e791a8,0x00000000d5e80000)
  to   space 3584K, 0% used [0x00000000d5900000,0x00000000d5900000,0x00000000d5c80000)
 ParOldGen       total 169472K, used 146373K [0x0000000080000000, 0x000000008a580000, 0x00000000d5580000)
  object space 169472K, 86% used [0x0000000080000000,0x0000000088ef1620,0x000000008a580000)
 Metaspace       used 73981K, committed 75520K, reserved 1179648K
  class space    used 7656K, committed 8320K, reserved 1048576K
}
Event: 250.401 GC heap before
{Heap before GC invocations=317 (full 4):
 PSYoungGen      total 5120K, used 5092K [0x00000000d5580000, 0x00000000d6000000, 0x0000000100000000)
  eden space 3584K, 100% used [0x00000000d5580000,0x00000000d5900000,0x00000000d5900000)
  from space 1536K, 98% used [0x00000000d5d00000,0x00000000d5e791a8,0x00000000d5e80000)
  to   space 3584K, 0% used [0x00000000d5900000,0x00000000d5900000,0x00000000d5c80000)
 ParOldGen       total 169472K, used 149793K [0x0000000080000000, 0x000000008a580000, 0x00000000d5580000)
  object space 169472K, 88% used [0x0000000080000000,0x00000000892487b8,0x000000008a580000)
 Metaspace       used 73983K, committed 75520K, reserved 1179648K
  class space    used 7656K, committed 8320K, reserved 1048576K
}
Event: 250.408 GC heap after
{Heap after GC invocations=317 (full 4):
 PSYoungGen      total 6656K, used 2592K [0x00000000d5580000, 0x00000000d5f00000, 0x0000000100000000)
  eden space 3584K, 0% used [0x00000000d5580000,0x00000000d5580000,0x00000000d5900000)
  from space 3072K, 84% used [0x00000000d5900000,0x00000000d5b88000,0x00000000d5c00000)
  to   space 3072K, 0% used [0x00000000d5c00000,0x00000000d5c00000,0x00000000d5f00000)
 ParOldGen       total 169472K, used 151350K [0x0000000080000000, 0x000000008a580000, 0x00000000d5580000)
  object space 169472K, 89% used [0x0000000080000000,0x00000000893cd960,0x000000008a580000)
 Metaspace       used 73983K, committed 75520K, reserved 1179648K
  class space    used 7656K, committed 8320K, reserved 1048576K
}
Event: 251.260 GC heap before
{Heap before GC invocations=318 (full 4):
 PSYoungGen      total 6656K, used 6143K [0x00000000d5580000, 0x00000000d5f00000, 0x0000000100000000)
  eden space 3584K, 99% used [0x00000000d5580000,0x00000000d58f7c00,0x00000000d5900000)
  from space 3072K, 84% used [0x00000000d5900000,0x00000000d5b88000,0x00000000d5c00000)
  to   space 3072K, 0% used [0x00000000d5c00000,0x00000000d5c00000,0x00000000d5f00000)
 ParOldGen       total 169472K, used 151350K [0x0000000080000000, 0x000000008a580000, 0x00000000d5580000)
  object space 169472K, 89% used [0x0000000080000000,0x00000000893cd960,0x000000008a580000)
 Metaspace       used 73983K, committed 75520K, reserved 1179648K
  class space    used 7656K, committed 8320K, reserved 1048576K
}
Event: 251.268 GC heap after
{Heap after GC invocations=318 (full 4):
 PSYoungGen      total 5120K, used 1317K [0x00000000d5580000, 0x00000000d5d80000, 0x0000000100000000)
  eden space 3584K, 0% used [0x00000000d5580000,0x00000000d5580000,0x00000000d5900000)
  from space 1536K, 85% used [0x00000000d5c00000,0x00000000d5d49590,0x00000000d5d80000)
  to   space 2048K, 0% used [0x00000000d5980000,0x00000000d5980000,0x00000000d5b80000)
 ParOldGen       total 169472K, used 153838K [0x0000000080000000, 0x000000008a580000, 0x00000000d5580000)
  object space 169472K, 90% used [0x0000000080000000,0x000000008963b9b8,0x000000008a580000)
 Metaspace       used 73983K, committed 75520K, reserved 1179648K
  class space    used 7656K, committed 8320K, reserved 1048576K
}
Event: 251.739 GC heap before
{Heap before GC invocations=319 (full 4):
 PSYoungGen      total 5120K, used 4901K [0x00000000d5580000, 0x00000000d5d80000, 0x0000000100000000)
  eden space 3584K, 100% used [0x00000000d5580000,0x00000000d5900000,0x00000000d5900000)
  from space 1536K, 85% used [0x00000000d5c00000,0x00000000d5d49590,0x00000000d5d80000)
  to   space 2048K, 0% used [0x00000000d5980000,0x00000000d5980000,0x00000000d5b80000)
 ParOldGen       total 169472K, used 153838K [0x0000000080000000, 0x000000008a580000, 0x00000000d5580000)
  object space 169472K, 90% used [0x0000000080000000,0x000000008963b9b8,0x000000008a580000)
 Metaspace       used 73983K, committed 75520K, reserved 1179648K
  class space    used 7656K, committed 8320K, reserved 1048576K
}
Event: 251.743 GC heap after
{Heap after GC invocations=319 (full 4):
 PSYoungGen      total 5632K, used 192K [0x00000000d5580000, 0x00000000d5c80000, 0x0000000100000000)
  eden space 3584K, 0% used [0x00000000d5580000,0x00000000d5580000,0x00000000d5900000)
  from space 2048K, 9% used [0x00000000d5980000,0x00000000d59b0000,0x00000000d5b80000)
  to   space 1024K, 0% used [0x00000000d5b80000,0x00000000d5b80000,0x00000000d5c80000)
 ParOldGen       total 169472K, used 155115K [0x0000000080000000, 0x000000008a580000, 0x00000000d5580000)
  object space 169472K, 91% used [0x0000000080000000,0x000000008977af48,0x000000008a580000)
 Metaspace       used 73983K, committed 75520K, reserved 1179648K
  class space    used 7656K, committed 8320K, reserved 1048576K
}
Event: 253.848 GC heap before
{Heap before GC invocations=320 (full 4):
 PSYoungGen      total 5632K, used 3776K [0x00000000d5580000, 0x00000000d5c80000, 0x0000000100000000)
  eden space 3584K, 100% used [0x00000000d5580000,0x00000000d5900000,0x00000000d5900000)
  from space 2048K, 9% used [0x00000000d5980000,0x00000000d59b0000,0x00000000d5b80000)
  to   space 1024K, 0% used [0x00000000d5b80000,0x00000000d5b80000,0x00000000d5c80000)
 ParOldGen       total 169472K, used 155115K [0x0000000080000000, 0x000000008a580000, 0x00000000d5580000)
  object space 169472K, 91% used [0x0000000080000000,0x000000008977af48,0x000000008a580000)
 Metaspace       used 73983K, committed 75520K, reserved 1179648K
  class space    used 7656K, committed 8320K, reserved 1048576K
}
Event: 253.850 GC heap after
{Heap after GC invocations=320 (full 4):
 PSYoungGen      total 4096K, used 256K [0x00000000d5580000, 0x00000000d5c00000, 0x0000000100000000)
  eden space 3584K, 0% used [0x00000000d5580000,0x00000000d5580000,0x00000000d5900000)
  from space 512K, 50% used [0x00000000d5b80000,0x00000000d5bc0000,0x00000000d5c00000)
  to   space 512K, 0% used [0x00000000d5b00000,0x00000000d5b00000,0x00000000d5b80000)
 ParOldGen       total 169472K, used 155179K [0x0000000080000000, 0x000000008a580000, 0x00000000d5580000)
  object space 169472K, 91% used [0x0000000080000000,0x000000008978af48,0x000000008a580000)
 Metaspace       used 73983K, committed 75520K, reserved 1179648K
  class space    used 7656K, committed 8320K, reserved 1048576K
}
Event: 255.307 GC heap before
{Heap before GC invocations=321 (full 4):
 PSYoungGen      total 4096K, used 3839K [0x00000000d5580000, 0x00000000d5c00000, 0x0000000100000000)
  eden space 3584K, 99% used [0x00000000d5580000,0x00000000d58fffc8,0x00000000d5900000)
  from space 512K, 50% used [0x00000000d5b80000,0x00000000d5bc0000,0x00000000d5c00000)
  to   space 512K, 0% used [0x00000000d5b00000,0x00000000d5b00000,0x00000000d5b80000)
 ParOldGen       total 169472K, used 155179K [0x0000000080000000, 0x000000008a580000, 0x00000000d5580000)
  object space 169472K, 91% used [0x0000000080000000,0x000000008978af48,0x000000008a580000)
 Metaspace       used 73999K, committed 75520K, reserved 1179648K
  class space    used 7656K, committed 8320K, reserved 1048576K
}
Event: 255.310 GC heap after
{Heap after GC invocations=321 (full 4):
 PSYoungGen      total 4096K, used 448K [0x00000000d5580000, 0x00000000d5c00000, 0x0000000100000000)
  eden space 3584K, 0% used [0x00000000d5580000,0x00000000d5580000,0x00000000d5900000)
  from space 512K, 87% used [0x00000000d5b00000,0x00000000d5b70000,0x00000000d5b80000)
  to   space 512K, 0% used [0x00000000d5b80000,0x00000000d5b80000,0x00000000d5c00000)
 ParOldGen       total 169472K, used 155331K [0x0000000080000000, 0x000000008a580000, 0x00000000d5580000)
  object space 169472K, 91% used [0x0000000080000000,0x00000000897b0f48,0x000000008a580000)
 Metaspace       used 73999K, committed 75520K, reserved 1179648K
  class space    used 7656K, committed 8320K, reserved 1048576K
}

